<?xml version="1.0" encoding="UTF-8"?>
<!-- Generated by org.testng.reporters.JUnitXMLReporter -->
<testsuite ignored="0" hostname="Ex-Jatin-Bakshi" failures="0" tests="4" name="Default test" time="343.071" errors="0" timestamp="2026-06-15T22:04:12 IST">
  <testcase classname="Tests.TestNg_existingChrome" name="Scan_And_Capture" time="116.508"/>
  <testcase classname="Tests.TestNg_existingChrome" name="Scan_And_Capture" time="76.025"/>
  <testcase classname="Tests.TestNg_existingChrome" name="Scan_And_Capture" time="54.8"/>
  <testcase classname="Tests.TestNg_existingChrome" name="Scan_And_Capture" time="66.862"/>
</testsuite> <!-- Default test -->
