<?xml version="1.0" encoding="UTF-8"?>
<!-- Generated by org.testng.reporters.JUnitXMLReporter -->
<testsuite ignored="0" hostname="Ex-Jatin-Bakshi" failures="4" tests="4" name="Default test" time="246.482" errors="0" timestamp="2026-06-16T17:36:07 IST">
  <testcase classname="Tests.TestNg_existingChrome" name="Scan_And_Capture" time="54.774">
    <failure type="com.microsoft.playwright.TimeoutError" message="Error {
  message=&amp;apos;Timeout 30000ms exceeded.
  name=&amp;apos;TimeoutError
  stack=&amp;apos;TimeoutError: Timeout 30000ms exceeded.
    at ProgressController.run (C:\Users\abcom\AppData\Local\Temp\playwright-java-7922674039882366980\package\lib\server\progress.js:75:26)
    at Frame.waitForSelector (C:\Users\abcom\AppData\Local\Temp\playwright-java-7922674039882366980\package\lib\server\frames.js:629:23)
    at FrameDispatcher.waitForSelector (C:\Users\abcom\AppData\Local\Temp\playwright-java-7922674039882366980\package\lib\server\dispatchers\frameDispatcher.js:106:103)
    at FrameDispatcher._handleCommand (C:\Users\abcom\AppData\Local\Temp\playwright-java-7922674039882366980\package\lib\server\dispatchers\dispatcher.js:94:40)
    at DispatcherConnection.dispatch (C:\Users\abcom\AppData\Local\Temp\playwright-java-7922674039882366980\package\lib\server\dispatchers\dispatcher.js:361:39)
}
Call log:
-   - waiting for locator(&amp;quot;select[data-t-id=&amp;apos;history-filter&amp;apos;]&amp;quot;) to be visible
">
      <![CDATA[com.microsoft.playwright.TimeoutError: Error {
  message='Timeout 30000ms exceeded.
  name='TimeoutError
  stack='TimeoutError: Timeout 30000ms exceeded.
    at ProgressController.run (C:\Users\abcom\AppData\Local\Temp\playwright-java-7922674039882366980\package\lib\server\progress.js:75:26)
    at Frame.waitForSelector (C:\Users\abcom\AppData\Local\Temp\playwright-java-7922674039882366980\package\lib\server\frames.js:629:23)
    at FrameDispatcher.waitForSelector (C:\Users\abcom\AppData\Local\Temp\playwright-java-7922674039882366980\package\lib\server\dispatchers\frameDispatcher.js:106:103)
    at FrameDispatcher._handleCommand (C:\Users\abcom\AppData\Local\Temp\playwright-java-7922674039882366980\package\lib\server\dispatchers\dispatcher.js:94:40)
    at DispatcherConnection.dispatch (C:\Users\abcom\AppData\Local\Temp\playwright-java-7922674039882366980\package\lib\server\dispatchers\dispatcher.js:361:39)
}
Call log:
-   - waiting for locator("select[data-t-id='history-filter']") to be visible

at com.microsoft.playwright.impl.WaitableResult.get(WaitableResult.java:52)
at com.microsoft.playwright.impl.ChannelOwner.runUntil(ChannelOwner.java:132)
at com.microsoft.playwright.impl.Connection.sendMessage(Connection.java:130)
at com.microsoft.playwright.impl.ChannelOwner.sendMessage(ChannelOwner.java:118)
at com.microsoft.playwright.impl.FrameImpl.waitForSelectorImpl(FrameImpl.java:1060)
at com.microsoft.playwright.impl.FrameImpl.waitForSelectorImpl(FrameImpl.java:1050)
at com.microsoft.playwright.impl.PageImpl.lambda$waitForSelector$95(PageImpl.java:1590)
at com.microsoft.playwright.impl.LoggingSupport.withLogging(LoggingSupport.java:47)
at com.microsoft.playwright.impl.ChannelOwner.withLogging(ChannelOwner.java:97)
at com.microsoft.playwright.impl.PageImpl.waitForSelector(PageImpl.java:1589)
at com.microsoft.playwright.Page.waitForSelector(Page.java:8291)
at Tests.TestNg_existingChrome.Scan_And_Capture(TestNg_existingChrome.java:885)
at java.base/jdk.internal.reflect.DirectMethodHandleAccessor.invoke(DirectMethodHandleAccessor.java:103)
at java.base/java.lang.reflect.Method.invoke(Method.java:580)
at org.testng.internal.invokers.MethodInvocationHelper.invokeMethod(MethodInvocationHelper.java:141)
at org.testng.internal.invokers.TestInvoker.invokeMethod(TestInvoker.java:687)
at org.testng.internal.invokers.TestInvoker.invokeTestMethod(TestInvoker.java:230)
at org.testng.internal.invokers.MethodRunner.runInSequence(MethodRunner.java:63)
at org.testng.internal.invokers.TestInvoker$MethodInvocationAgent.invoke(TestInvoker.java:995)
at org.testng.internal.invokers.TestInvoker.invokeTestMethods(TestInvoker.java:203)
at org.testng.internal.invokers.TestMethodWorker.invokeTestMethods(TestMethodWorker.java:154)
at org.testng.internal.invokers.TestMethodWorker.run(TestMethodWorker.java:134)
at java.base/java.util.ArrayList.forEach(ArrayList.java:1596)
at org.testng.TestRunner.privateRun(TestRunner.java:741)
at org.testng.TestRunner.run(TestRunner.java:616)
at org.testng.SuiteRunner.runTest(SuiteRunner.java:421)
at org.testng.SuiteRunner.runSequentially(SuiteRunner.java:413)
at org.testng.SuiteRunner.privateRun(SuiteRunner.java:373)
at org.testng.SuiteRunner.run(SuiteRunner.java:312)
at org.testng.SuiteRunnerWorker.runSuite(SuiteRunnerWorker.java:52)
at org.testng.SuiteRunnerWorker.run(SuiteRunnerWorker.java:95)
at org.testng.TestNG.runSuitesSequentially(TestNG.java:1274)
at org.testng.TestNG.runSuitesLocally(TestNG.java:1208)
at org.testng.TestNG.runSuites(TestNG.java:1112)
at org.testng.TestNG.run(TestNG.java:1079)
at org.testng.remote.AbstractRemoteTestNG.run(AbstractRemoteTestNG.java:115)
at org.testng.remote.RemoteTestNG.initAndRun(RemoteTestNG.java:293)
at org.testng.remote.RemoteTestNG.main(RemoteTestNG.java:91)
Caused by: com.microsoft.playwright.TimeoutError: Error {
  message='Timeout 30000ms exceeded.
  name='TimeoutError
  stack='TimeoutError: Timeout 30000ms exceeded.
    at ProgressController.run (C:\Users\abcom\AppData\Local\Temp\playwright-java-7922674039882366980\package\lib\server\progress.js:75:26)
    at Frame.waitForSelector (C:\Users\abcom\AppData\Local\Temp\playwright-java-7922674039882366980\package\lib\server\frames.js:629:23)
    at FrameDispatcher.waitForSelector (C:\Users\abcom\AppData\Local\Temp\playwright-java-7922674039882366980\package\lib\server\dispatchers\frameDispatcher.js:106:103)
    at FrameDispatcher._handleCommand (C:\Users\abcom\AppData\Local\Temp\playwright-java-7922674039882366980\package\lib\server\dispatchers\dispatcher.js:94:40)
    at DispatcherConnection.dispatch (C:\Users\abcom\AppData\Local\Temp\playwright-java-7922674039882366980\package\lib\server\dispatchers\dispatcher.js:361:39)
}
Call log:
-   - waiting for locator("select[data-t-id='history-filter']") to be visible

at com.microsoft.playwright.impl.Connection.dispatch(Connection.java:254)
at com.microsoft.playwright.impl.Connection.processOneMessage(Connection.java:211)
at com.microsoft.playwright.impl.ChannelOwner.runUntil(ChannelOwner.java:130)
... 36 more
]]>
    </failure>
  </testcase> <!-- Scan_And_Capture -->
  <testcase classname="Tests.TestNg_existingChrome" name="Scan_And_Capture" time="54.1">
    <failure type="com.microsoft.playwright.TimeoutError" message="Error {
  message=&amp;apos;Timeout 30000ms exceeded.
  name=&amp;apos;TimeoutError
  stack=&amp;apos;TimeoutError: Timeout 30000ms exceeded.
    at ProgressController.run (C:\Users\abcom\AppData\Local\Temp\playwright-java-7922674039882366980\package\lib\server\progress.js:75:26)
    at Frame.waitForSelector (C:\Users\abcom\AppData\Local\Temp\playwright-java-7922674039882366980\package\lib\server\frames.js:629:23)
    at FrameDispatcher.waitForSelector (C:\Users\abcom\AppData\Local\Temp\playwright-java-7922674039882366980\package\lib\server\dispatchers\frameDispatcher.js:106:103)
    at FrameDispatcher._handleCommand (C:\Users\abcom\AppData\Local\Temp\playwright-java-7922674039882366980\package\lib\server\dispatchers\dispatcher.js:94:40)
    at DispatcherConnection.dispatch (C:\Users\abcom\AppData\Local\Temp\playwright-java-7922674039882366980\package\lib\server\dispatchers\dispatcher.js:361:39)
}
Call log:
-   - waiting for locator(&amp;quot;select[data-t-id=&amp;apos;history-filter&amp;apos;]&amp;quot;) to be visible
">
      <![CDATA[com.microsoft.playwright.TimeoutError: Error {
  message='Timeout 30000ms exceeded.
  name='TimeoutError
  stack='TimeoutError: Timeout 30000ms exceeded.
    at ProgressController.run (C:\Users\abcom\AppData\Local\Temp\playwright-java-7922674039882366980\package\lib\server\progress.js:75:26)
    at Frame.waitForSelector (C:\Users\abcom\AppData\Local\Temp\playwright-java-7922674039882366980\package\lib\server\frames.js:629:23)
    at FrameDispatcher.waitForSelector (C:\Users\abcom\AppData\Local\Temp\playwright-java-7922674039882366980\package\lib\server\dispatchers\frameDispatcher.js:106:103)
    at FrameDispatcher._handleCommand (C:\Users\abcom\AppData\Local\Temp\playwright-java-7922674039882366980\package\lib\server\dispatchers\dispatcher.js:94:40)
    at DispatcherConnection.dispatch (C:\Users\abcom\AppData\Local\Temp\playwright-java-7922674039882366980\package\lib\server\dispatchers\dispatcher.js:361:39)
}
Call log:
-   - waiting for locator("select[data-t-id='history-filter']") to be visible

at com.microsoft.playwright.impl.WaitableResult.get(WaitableResult.java:52)
at com.microsoft.playwright.impl.ChannelOwner.runUntil(ChannelOwner.java:132)
at com.microsoft.playwright.impl.Connection.sendMessage(Connection.java:130)
at com.microsoft.playwright.impl.ChannelOwner.sendMessage(ChannelOwner.java:118)
at com.microsoft.playwright.impl.FrameImpl.waitForSelectorImpl(FrameImpl.java:1060)
at com.microsoft.playwright.impl.FrameImpl.waitForSelectorImpl(FrameImpl.java:1050)
at com.microsoft.playwright.impl.PageImpl.lambda$waitForSelector$95(PageImpl.java:1590)
at com.microsoft.playwright.impl.LoggingSupport.withLogging(LoggingSupport.java:47)
at com.microsoft.playwright.impl.ChannelOwner.withLogging(ChannelOwner.java:97)
at com.microsoft.playwright.impl.PageImpl.waitForSelector(PageImpl.java:1589)
at com.microsoft.playwright.Page.waitForSelector(Page.java:8291)
at Tests.TestNg_existingChrome.Scan_And_Capture(TestNg_existingChrome.java:885)
at java.base/jdk.internal.reflect.DirectMethodHandleAccessor.invoke(DirectMethodHandleAccessor.java:103)
at java.base/java.lang.reflect.Method.invoke(Method.java:580)
at org.testng.internal.invokers.MethodInvocationHelper.invokeMethod(MethodInvocationHelper.java:141)
at org.testng.internal.invokers.TestInvoker.invokeMethod(TestInvoker.java:687)
at org.testng.internal.invokers.TestInvoker.invokeTestMethod(TestInvoker.java:230)
at org.testng.internal.invokers.MethodRunner.runInSequence(MethodRunner.java:63)
at org.testng.internal.invokers.TestInvoker$MethodInvocationAgent.invoke(TestInvoker.java:995)
at org.testng.internal.invokers.TestInvoker.invokeTestMethods(TestInvoker.java:203)
at org.testng.internal.invokers.TestMethodWorker.invokeTestMethods(TestMethodWorker.java:154)
at org.testng.internal.invokers.TestMethodWorker.run(TestMethodWorker.java:134)
at java.base/java.util.ArrayList.forEach(ArrayList.java:1596)
at org.testng.TestRunner.privateRun(TestRunner.java:741)
at org.testng.TestRunner.run(TestRunner.java:616)
at org.testng.SuiteRunner.runTest(SuiteRunner.java:421)
at org.testng.SuiteRunner.runSequentially(SuiteRunner.java:413)
at org.testng.SuiteRunner.privateRun(SuiteRunner.java:373)
at org.testng.SuiteRunner.run(SuiteRunner.java:312)
at org.testng.SuiteRunnerWorker.runSuite(SuiteRunnerWorker.java:52)
at org.testng.SuiteRunnerWorker.run(SuiteRunnerWorker.java:95)
at org.testng.TestNG.runSuitesSequentially(TestNG.java:1274)
at org.testng.TestNG.runSuitesLocally(TestNG.java:1208)
at org.testng.TestNG.runSuites(TestNG.java:1112)
at org.testng.TestNG.run(TestNG.java:1079)
at org.testng.remote.AbstractRemoteTestNG.run(AbstractRemoteTestNG.java:115)
at org.testng.remote.RemoteTestNG.initAndRun(RemoteTestNG.java:293)
at org.testng.remote.RemoteTestNG.main(RemoteTestNG.java:91)
Caused by: com.microsoft.playwright.TimeoutError: Error {
  message='Timeout 30000ms exceeded.
  name='TimeoutError
  stack='TimeoutError: Timeout 30000ms exceeded.
    at ProgressController.run (C:\Users\abcom\AppData\Local\Temp\playwright-java-7922674039882366980\package\lib\server\progress.js:75:26)
    at Frame.waitForSelector (C:\Users\abcom\AppData\Local\Temp\playwright-java-7922674039882366980\package\lib\server\frames.js:629:23)
    at FrameDispatcher.waitForSelector (C:\Users\abcom\AppData\Local\Temp\playwright-java-7922674039882366980\package\lib\server\dispatchers\frameDispatcher.js:106:103)
    at FrameDispatcher._handleCommand (C:\Users\abcom\AppData\Local\Temp\playwright-java-7922674039882366980\package\lib\server\dispatchers\dispatcher.js:94:40)
    at DispatcherConnection.dispatch (C:\Users\abcom\AppData\Local\Temp\playwright-java-7922674039882366980\package\lib\server\dispatchers\dispatcher.js:361:39)
}
Call log:
-   - waiting for locator("select[data-t-id='history-filter']") to be visible

at com.microsoft.playwright.impl.Connection.dispatch(Connection.java:254)
at com.microsoft.playwright.impl.Connection.processOneMessage(Connection.java:211)
at com.microsoft.playwright.impl.ChannelOwner.runUntil(ChannelOwner.java:130)
... 36 more
]]>
    </failure>
  </testcase> <!-- Scan_And_Capture -->
  <testcase classname="Tests.TestNg_existingChrome" name="Scan_And_Capture" time="54.718">
    <failure type="com.microsoft.playwright.TimeoutError" message="Error {
  message=&amp;apos;Timeout 30000ms exceeded.
  name=&amp;apos;TimeoutError
  stack=&amp;apos;TimeoutError: Timeout 30000ms exceeded.
    at ProgressController.run (C:\Users\abcom\AppData\Local\Temp\playwright-java-7922674039882366980\package\lib\server\progress.js:75:26)
    at Frame.waitForSelector (C:\Users\abcom\AppData\Local\Temp\playwright-java-7922674039882366980\package\lib\server\frames.js:629:23)
    at FrameDispatcher.waitForSelector (C:\Users\abcom\AppData\Local\Temp\playwright-java-7922674039882366980\package\lib\server\dispatchers\frameDispatcher.js:106:103)
    at FrameDispatcher._handleCommand (C:\Users\abcom\AppData\Local\Temp\playwright-java-7922674039882366980\package\lib\server\dispatchers\dispatcher.js:94:40)
    at DispatcherConnection.dispatch (C:\Users\abcom\AppData\Local\Temp\playwright-java-7922674039882366980\package\lib\server\dispatchers\dispatcher.js:361:39)
}
Call log:
-   - waiting for locator(&amp;quot;select[data-t-id=&amp;apos;history-filter&amp;apos;]&amp;quot;) to be visible
">
      <![CDATA[com.microsoft.playwright.TimeoutError: Error {
  message='Timeout 30000ms exceeded.
  name='TimeoutError
  stack='TimeoutError: Timeout 30000ms exceeded.
    at ProgressController.run (C:\Users\abcom\AppData\Local\Temp\playwright-java-7922674039882366980\package\lib\server\progress.js:75:26)
    at Frame.waitForSelector (C:\Users\abcom\AppData\Local\Temp\playwright-java-7922674039882366980\package\lib\server\frames.js:629:23)
    at FrameDispatcher.waitForSelector (C:\Users\abcom\AppData\Local\Temp\playwright-java-7922674039882366980\package\lib\server\dispatchers\frameDispatcher.js:106:103)
    at FrameDispatcher._handleCommand (C:\Users\abcom\AppData\Local\Temp\playwright-java-7922674039882366980\package\lib\server\dispatchers\dispatcher.js:94:40)
    at DispatcherConnection.dispatch (C:\Users\abcom\AppData\Local\Temp\playwright-java-7922674039882366980\package\lib\server\dispatchers\dispatcher.js:361:39)
}
Call log:
-   - waiting for locator("select[data-t-id='history-filter']") to be visible

at com.microsoft.playwright.impl.WaitableResult.get(WaitableResult.java:52)
at com.microsoft.playwright.impl.ChannelOwner.runUntil(ChannelOwner.java:132)
at com.microsoft.playwright.impl.Connection.sendMessage(Connection.java:130)
at com.microsoft.playwright.impl.ChannelOwner.sendMessage(ChannelOwner.java:118)
at com.microsoft.playwright.impl.FrameImpl.waitForSelectorImpl(FrameImpl.java:1060)
at com.microsoft.playwright.impl.FrameImpl.waitForSelectorImpl(FrameImpl.java:1050)
at com.microsoft.playwright.impl.PageImpl.lambda$waitForSelector$95(PageImpl.java:1590)
at com.microsoft.playwright.impl.LoggingSupport.withLogging(LoggingSupport.java:47)
at com.microsoft.playwright.impl.ChannelOwner.withLogging(ChannelOwner.java:97)
at com.microsoft.playwright.impl.PageImpl.waitForSelector(PageImpl.java:1589)
at com.microsoft.playwright.Page.waitForSelector(Page.java:8291)
at Tests.TestNg_existingChrome.Scan_And_Capture(TestNg_existingChrome.java:885)
at java.base/jdk.internal.reflect.DirectMethodHandleAccessor.invoke(DirectMethodHandleAccessor.java:103)
at java.base/java.lang.reflect.Method.invoke(Method.java:580)
at org.testng.internal.invokers.MethodInvocationHelper.invokeMethod(MethodInvocationHelper.java:141)
at org.testng.internal.invokers.TestInvoker.invokeMethod(TestInvoker.java:687)
at org.testng.internal.invokers.TestInvoker.invokeTestMethod(TestInvoker.java:230)
at org.testng.internal.invokers.MethodRunner.runInSequence(MethodRunner.java:63)
at org.testng.internal.invokers.TestInvoker$MethodInvocationAgent.invoke(TestInvoker.java:995)
at org.testng.internal.invokers.TestInvoker.invokeTestMethods(TestInvoker.java:203)
at org.testng.internal.invokers.TestMethodWorker.invokeTestMethods(TestMethodWorker.java:154)
at org.testng.internal.invokers.TestMethodWorker.run(TestMethodWorker.java:134)
at java.base/java.util.ArrayList.forEach(ArrayList.java:1596)
at org.testng.TestRunner.privateRun(TestRunner.java:741)
at org.testng.TestRunner.run(TestRunner.java:616)
at org.testng.SuiteRunner.runTest(SuiteRunner.java:421)
at org.testng.SuiteRunner.runSequentially(SuiteRunner.java:413)
at org.testng.SuiteRunner.privateRun(SuiteRunner.java:373)
at org.testng.SuiteRunner.run(SuiteRunner.java:312)
at org.testng.SuiteRunnerWorker.runSuite(SuiteRunnerWorker.java:52)
at org.testng.SuiteRunnerWorker.run(SuiteRunnerWorker.java:95)
at org.testng.TestNG.runSuitesSequentially(TestNG.java:1274)
at org.testng.TestNG.runSuitesLocally(TestNG.java:1208)
at org.testng.TestNG.runSuites(TestNG.java:1112)
at org.testng.TestNG.run(TestNG.java:1079)
at org.testng.remote.AbstractRemoteTestNG.run(AbstractRemoteTestNG.java:115)
at org.testng.remote.RemoteTestNG.initAndRun(RemoteTestNG.java:293)
at org.testng.remote.RemoteTestNG.main(RemoteTestNG.java:91)
Caused by: com.microsoft.playwright.TimeoutError: Error {
  message='Timeout 30000ms exceeded.
  name='TimeoutError
  stack='TimeoutError: Timeout 30000ms exceeded.
    at ProgressController.run (C:\Users\abcom\AppData\Local\Temp\playwright-java-7922674039882366980\package\lib\server\progress.js:75:26)
    at Frame.waitForSelector (C:\Users\abcom\AppData\Local\Temp\playwright-java-7922674039882366980\package\lib\server\frames.js:629:23)
    at FrameDispatcher.waitForSelector (C:\Users\abcom\AppData\Local\Temp\playwright-java-7922674039882366980\package\lib\server\dispatchers\frameDispatcher.js:106:103)
    at FrameDispatcher._handleCommand (C:\Users\abcom\AppData\Local\Temp\playwright-java-7922674039882366980\package\lib\server\dispatchers\dispatcher.js:94:40)
    at DispatcherConnection.dispatch (C:\Users\abcom\AppData\Local\Temp\playwright-java-7922674039882366980\package\lib\server\dispatchers\dispatcher.js:361:39)
}
Call log:
-   - waiting for locator("select[data-t-id='history-filter']") to be visible

at com.microsoft.playwright.impl.Connection.dispatch(Connection.java:254)
at com.microsoft.playwright.impl.Connection.processOneMessage(Connection.java:211)
at com.microsoft.playwright.impl.ChannelOwner.runUntil(ChannelOwner.java:130)
... 36 more
]]>
    </failure>
  </testcase> <!-- Scan_And_Capture -->
  <testcase classname="Tests.TestNg_existingChrome" name="Scan_And_Capture" time="54.055">
    <failure type="com.microsoft.playwright.TimeoutError" message="Error {
  message=&amp;apos;Timeout 30000ms exceeded.
  name=&amp;apos;TimeoutError
  stack=&amp;apos;TimeoutError: Timeout 30000ms exceeded.
    at ProgressController.run (C:\Users\abcom\AppData\Local\Temp\playwright-java-7922674039882366980\package\lib\server\progress.js:75:26)
    at Frame.waitForSelector (C:\Users\abcom\AppData\Local\Temp\playwright-java-7922674039882366980\package\lib\server\frames.js:629:23)
    at FrameDispatcher.waitForSelector (C:\Users\abcom\AppData\Local\Temp\playwright-java-7922674039882366980\package\lib\server\dispatchers\frameDispatcher.js:106:103)
    at FrameDispatcher._handleCommand (C:\Users\abcom\AppData\Local\Temp\playwright-java-7922674039882366980\package\lib\server\dispatchers\dispatcher.js:94:40)
    at DispatcherConnection.dispatch (C:\Users\abcom\AppData\Local\Temp\playwright-java-7922674039882366980\package\lib\server\dispatchers\dispatcher.js:361:39)
}
Call log:
-   - waiting for locator(&amp;quot;select[data-t-id=&amp;apos;history-filter&amp;apos;]&amp;quot;) to be visible
">
      <![CDATA[com.microsoft.playwright.TimeoutError: Error {
  message='Timeout 30000ms exceeded.
  name='TimeoutError
  stack='TimeoutError: Timeout 30000ms exceeded.
    at ProgressController.run (C:\Users\abcom\AppData\Local\Temp\playwright-java-7922674039882366980\package\lib\server\progress.js:75:26)
    at Frame.waitForSelector (C:\Users\abcom\AppData\Local\Temp\playwright-java-7922674039882366980\package\lib\server\frames.js:629:23)
    at FrameDispatcher.waitForSelector (C:\Users\abcom\AppData\Local\Temp\playwright-java-7922674039882366980\package\lib\server\dispatchers\frameDispatcher.js:106:103)
    at FrameDispatcher._handleCommand (C:\Users\abcom\AppData\Local\Temp\playwright-java-7922674039882366980\package\lib\server\dispatchers\dispatcher.js:94:40)
    at DispatcherConnection.dispatch (C:\Users\abcom\AppData\Local\Temp\playwright-java-7922674039882366980\package\lib\server\dispatchers\dispatcher.js:361:39)
}
Call log:
-   - waiting for locator("select[data-t-id='history-filter']") to be visible

at com.microsoft.playwright.impl.WaitableResult.get(WaitableResult.java:52)
at com.microsoft.playwright.impl.ChannelOwner.runUntil(ChannelOwner.java:132)
at com.microsoft.playwright.impl.Connection.sendMessage(Connection.java:130)
at com.microsoft.playwright.impl.ChannelOwner.sendMessage(ChannelOwner.java:118)
at com.microsoft.playwright.impl.FrameImpl.waitForSelectorImpl(FrameImpl.java:1060)
at com.microsoft.playwright.impl.FrameImpl.waitForSelectorImpl(FrameImpl.java:1050)
at com.microsoft.playwright.impl.PageImpl.lambda$waitForSelector$95(PageImpl.java:1590)
at com.microsoft.playwright.impl.LoggingSupport.withLogging(LoggingSupport.java:47)
at com.microsoft.playwright.impl.ChannelOwner.withLogging(ChannelOwner.java:97)
at com.microsoft.playwright.impl.PageImpl.waitForSelector(PageImpl.java:1589)
at com.microsoft.playwright.Page.waitForSelector(Page.java:8291)
at Tests.TestNg_existingChrome.Scan_And_Capture(TestNg_existingChrome.java:885)
at java.base/jdk.internal.reflect.DirectMethodHandleAccessor.invoke(DirectMethodHandleAccessor.java:103)
at java.base/java.lang.reflect.Method.invoke(Method.java:580)
at org.testng.internal.invokers.MethodInvocationHelper.invokeMethod(MethodInvocationHelper.java:141)
at org.testng.internal.invokers.TestInvoker.invokeMethod(TestInvoker.java:687)
at org.testng.internal.invokers.TestInvoker.invokeTestMethod(TestInvoker.java:230)
at org.testng.internal.invokers.MethodRunner.runInSequence(MethodRunner.java:63)
at org.testng.internal.invokers.TestInvoker$MethodInvocationAgent.invoke(TestInvoker.java:995)
at org.testng.internal.invokers.TestInvoker.invokeTestMethods(TestInvoker.java:203)
at org.testng.internal.invokers.TestMethodWorker.invokeTestMethods(TestMethodWorker.java:154)
at org.testng.internal.invokers.TestMethodWorker.run(TestMethodWorker.java:134)
at java.base/java.util.ArrayList.forEach(ArrayList.java:1596)
at org.testng.TestRunner.privateRun(TestRunner.java:741)
at org.testng.TestRunner.run(TestRunner.java:616)
at org.testng.SuiteRunner.runTest(SuiteRunner.java:421)
at org.testng.SuiteRunner.runSequentially(SuiteRunner.java:413)
at org.testng.SuiteRunner.privateRun(SuiteRunner.java:373)
at org.testng.SuiteRunner.run(SuiteRunner.java:312)
at org.testng.SuiteRunnerWorker.runSuite(SuiteRunnerWorker.java:52)
at org.testng.SuiteRunnerWorker.run(SuiteRunnerWorker.java:95)
at org.testng.TestNG.runSuitesSequentially(TestNG.java:1274)
at org.testng.TestNG.runSuitesLocally(TestNG.java:1208)
at org.testng.TestNG.runSuites(TestNG.java:1112)
at org.testng.TestNG.run(TestNG.java:1079)
at org.testng.remote.AbstractRemoteTestNG.run(AbstractRemoteTestNG.java:115)
at org.testng.remote.RemoteTestNG.initAndRun(RemoteTestNG.java:293)
at org.testng.remote.RemoteTestNG.main(RemoteTestNG.java:91)
Caused by: com.microsoft.playwright.TimeoutError: Error {
  message='Timeout 30000ms exceeded.
  name='TimeoutError
  stack='TimeoutError: Timeout 30000ms exceeded.
    at ProgressController.run (C:\Users\abcom\AppData\Local\Temp\playwright-java-7922674039882366980\package\lib\server\progress.js:75:26)
    at Frame.waitForSelector (C:\Users\abcom\AppData\Local\Temp\playwright-java-7922674039882366980\package\lib\server\frames.js:629:23)
    at FrameDispatcher.waitForSelector (C:\Users\abcom\AppData\Local\Temp\playwright-java-7922674039882366980\package\lib\server\dispatchers\frameDispatcher.js:106:103)
    at FrameDispatcher._handleCommand (C:\Users\abcom\AppData\Local\Temp\playwright-java-7922674039882366980\package\lib\server\dispatchers\dispatcher.js:94:40)
    at DispatcherConnection.dispatch (C:\Users\abcom\AppData\Local\Temp\playwright-java-7922674039882366980\package\lib\server\dispatchers\dispatcher.js:361:39)
}
Call log:
-   - waiting for locator("select[data-t-id='history-filter']") to be visible

at com.microsoft.playwright.impl.Connection.dispatch(Connection.java:254)
at com.microsoft.playwright.impl.Connection.processOneMessage(Connection.java:211)
at com.microsoft.playwright.impl.ChannelOwner.runUntil(ChannelOwner.java:130)
... 36 more
]]>
    </failure>
  </testcase> <!-- Scan_And_Capture -->
</testsuite> <!-- Default test -->
