<?xml version="1.0" encoding="UTF-8"?>
<!-- Generated by org.testng.reporters.JUnitXMLReporter -->
<testsuite ignored="0" hostname="Ex-Jatin-Bakshi" failures="0" tests="3" name="Basware Invoice Field Validation" time="240.117" errors="0" timestamp="2026-06-15T13:53:39 IST">
  <testcase classname="Tests.TestNg_existingChrome" name="Scan_And_Capture" time="64.631"/>
  <testcase classname="Tests.TestNg_existingChrome" name="Scan_And_Capture" time="62.196"/>
  <testcase classname="Tests.TestNg_existingChrome" name="Scan_And_Capture" time="92.677"/>
</testsuite> <!-- Basware Invoice Field Validation -->
