<?xml version="1.0" encoding="UTF-8"?>
<testng-results ignored="0" total="4" passed="4" failed="0" skipped="0">
  <reporter-output>
  </reporter-output>
  <suite started-at="2026-06-15T21:58:29 IST" name="Default suite" finished-at="2026-06-15T22:04:12 IST" duration-ms="343071">
    <groups>
    </groups>
    <test started-at="2026-06-15T21:58:29 IST" name="Default test" finished-at="2026-06-15T22:04:12 IST" duration-ms="343071">
      <class name="Tests.TestNg_existingChrome">
        <test-method is-config="true" signature="setUp()[pri:0, instance:Tests.TestNg_existingChrome@1b39fd82]" started-at="2026-06-15T21:58:29 IST" name="setUp" finished-at="2026-06-15T21:58:55 IST" duration-ms="25951" status="PASS">
          <reporter-output>
          </reporter-output>
        </test-method> <!-- setUp -->
        <test-method signature="Scan_And_Capture(java.lang.String)[pri:0, instance:Tests.TestNg_existingChrome@1b39fd82]" started-at="2026-06-15T21:58:57 IST" name="Scan_And_Capture" data-provider="invoiceIds" finished-at="2026-06-15T22:00:53 IST" duration-ms="116508" status="PASS">
          <params>
            <param index="0">
              <value>
                <![CDATA[450c638578904313a2f56f2d5a04225e]]>
              </value>
            </param>
          </params>
          <reporter-output>
          </reporter-output>
        </test-method> <!-- Scan_And_Capture -->
        <test-method signature="Scan_And_Capture(java.lang.String)[pri:0, instance:Tests.TestNg_existingChrome@1b39fd82]" started-at="2026-06-15T22:00:53 IST" name="Scan_And_Capture" data-provider="invoiceIds" finished-at="2026-06-15T22:02:09 IST" duration-ms="76025" status="PASS">
          <params>
            <param index="0">
              <value>
                <![CDATA[f762c13d99c144f593bb687ccde5956e]]>
              </value>
            </param>
          </params>
          <reporter-output>
          </reporter-output>
        </test-method> <!-- Scan_And_Capture -->
        <test-method signature="Scan_And_Capture(java.lang.String)[pri:0, instance:Tests.TestNg_existingChrome@1b39fd82]" started-at="2026-06-15T22:02:09 IST" name="Scan_And_Capture" data-provider="invoiceIds" finished-at="2026-06-15T22:03:04 IST" duration-ms="54800" status="PASS">
          <params>
            <param index="0">
              <value>
                <![CDATA[407c4504a8a9429da3e2cc48cfb2fc55]]>
              </value>
            </param>
          </params>
          <reporter-output>
          </reporter-output>
        </test-method> <!-- Scan_And_Capture -->
        <test-method signature="Scan_And_Capture(java.lang.String)[pri:0, instance:Tests.TestNg_existingChrome@1b39fd82]" started-at="2026-06-15T22:03:04 IST" name="Scan_And_Capture" data-provider="invoiceIds" finished-at="2026-06-15T22:04:11 IST" duration-ms="66862" status="PASS">
          <params>
            <param index="0">
              <value>
                <![CDATA[986c8b3ef61a464b9f08142d09628573]]>
              </value>
            </param>
          </params>
          <reporter-output>
          </reporter-output>
        </test-method> <!-- Scan_And_Capture -->
        <test-method is-config="true" signature="tearDown()[pri:0, instance:Tests.TestNg_existingChrome@1b39fd82]" started-at="2026-06-15T22:04:11 IST" name="tearDown" finished-at="2026-06-15T22:04:12 IST" duration-ms="1207" status="PASS">
          <reporter-output>
          </reporter-output>
        </test-method> <!-- tearDown -->
      </class> <!-- Tests.TestNg_existingChrome -->
    </test> <!-- Default test -->
  </suite> <!-- Default suite -->
</testng-results>
