<?xml version="1.0" encoding="UTF-8"?>
<testng-results ignored="0" total="4" passed="0" failed="4" skipped="0">
  <reporter-output>
  </reporter-output>
  <suite started-at="2026-06-16T17:32:01 IST" name="Default suite" finished-at="2026-06-16T17:36:07 IST" duration-ms="246482">
    <groups>
    </groups>
    <test started-at="2026-06-16T17:32:01 IST" name="Default test" finished-at="2026-06-16T17:36:07 IST" duration-ms="246482">
      <class name="Tests.TestNg_existingChrome">
        <test-method is-config="true" signature="setUp()[pri:0, instance:Tests.TestNg_existingChrome@1b39fd82]" started-at="2026-06-16T17:32:01 IST" name="setUp" finished-at="2026-06-16T17:32:26 IST" duration-ms="25085" status="PASS">
          <reporter-output>
          </reporter-output>
        </test-method> <!-- setUp -->
        <test-method signature="Scan_And_Capture(java.lang.String)[pri:0, instance:Tests.TestNg_existingChrome@1b39fd82]" started-at="2026-06-16T17:32:27 IST" name="Scan_And_Capture" data-provider="invoiceIds" finished-at="2026-06-16T17:33:22 IST" duration-ms="54774" status="FAIL">
          <params>
            <param index="0">
              <value>
                <![CDATA[450c638578904313a2f56f2d5a04225e]]>
              </value>
            </param>
          </params>
          <exception class="com.microsoft.playwright.TimeoutError">
            <message>
              <![CDATA[Error {
  message='Timeout 30000ms exceeded.
  name='TimeoutError
  stack='TimeoutError: Timeout 30000ms exceeded.
    at ProgressController.run (C:\Users\abcom\AppData\Local\Temp\playwright-java-7922674039882366980\package\lib\server\progress.js:75:26)
    at Frame.waitForSelector (C:\Users\abcom\AppData\Local\Temp\playwright-java-7922674039882366980\package\lib\server\frames.js:629:23)
    at FrameDispatcher.waitForSelector (C:\Users\abcom\AppData\Local\Temp\playwright-java-7922674039882366980\package\lib\server\dispatchers\frameDispatcher.js:106:103)
    at FrameDispatcher._handleCommand (C:\Users\abcom\AppData\Local\Temp\playwright-java-7922674039882366980\package\lib\server\dispatchers\dispatcher.js:94:40)
    at DispatcherConnection.dispatch (C:\Users\abcom\AppData\Local\Temp\playwright-java-7922674039882366980\package\lib\server\dispatchers\dispatcher.js:361:39)
}
Call log:
-   - waiting for locator("select[data-t-id='history-filter']") to be visible
]]>
            </message>
            <full-stacktrace>
              <![CDATA[com.microsoft.playwright.TimeoutError: Error {
  message='Timeout 30000ms exceeded.
  name='TimeoutError
  stack='TimeoutError: Timeout 30000ms exceeded.
    at ProgressController.run (C:\Users\abcom\AppData\Local\Temp\playwright-java-7922674039882366980\package\lib\server\progress.js:75:26)
    at Frame.waitForSelector (C:\Users\abcom\AppData\Local\Temp\playwright-java-7922674039882366980\package\lib\server\frames.js:629:23)
    at FrameDispatcher.waitForSelector (C:\Users\abcom\AppData\Local\Temp\playwright-java-7922674039882366980\package\lib\server\dispatchers\frameDispatcher.js:106:103)
    at FrameDispatcher._handleCommand (C:\Users\abcom\AppData\Local\Temp\playwright-java-7922674039882366980\package\lib\server\dispatchers\dispatcher.js:94:40)
    at DispatcherConnection.dispatch (C:\Users\abcom\AppData\Local\Temp\playwright-java-7922674039882366980\package\lib\server\dispatchers\dispatcher.js:361:39)
}
Call log:
-   - waiting for locator("select[data-t-id='history-filter']") to be visible

at com.microsoft.playwright.impl.WaitableResult.get(WaitableResult.java:52)
at com.microsoft.playwright.impl.ChannelOwner.runUntil(ChannelOwner.java:132)
at com.microsoft.playwright.impl.Connection.sendMessage(Connection.java:130)
at com.microsoft.playwright.impl.ChannelOwner.sendMessage(ChannelOwner.java:118)
at com.microsoft.playwright.impl.FrameImpl.waitForSelectorImpl(FrameImpl.java:1060)
at com.microsoft.playwright.impl.FrameImpl.waitForSelectorImpl(FrameImpl.java:1050)
at com.microsoft.playwright.impl.PageImpl.lambda$waitForSelector$95(PageImpl.java:1590)
at com.microsoft.playwright.impl.LoggingSupport.withLogging(LoggingSupport.java:47)
at com.microsoft.playwright.impl.ChannelOwner.withLogging(ChannelOwner.java:97)
at com.microsoft.playwright.impl.PageImpl.waitForSelector(PageImpl.java:1589)
at com.microsoft.playwright.Page.waitForSelector(Page.java:8291)
at Tests.TestNg_existingChrome.Scan_And_Capture(TestNg_existingChrome.java:885)
at java.base/jdk.internal.reflect.DirectMethodHandleAccessor.invoke(DirectMethodHandleAccessor.java:103)
at java.base/java.lang.reflect.Method.invoke(Method.java:580)
at org.testng.internal.invokers.MethodInvocationHelper.invokeMethod(MethodInvocationHelper.java:141)
at org.testng.internal.invokers.TestInvoker.invokeMethod(TestInvoker.java:687)
at org.testng.internal.invokers.TestInvoker.invokeTestMethod(TestInvoker.java:230)
at org.testng.internal.invokers.MethodRunner.runInSequence(MethodRunner.java:63)
at org.testng.internal.invokers.TestInvoker$MethodInvocationAgent.invoke(TestInvoker.java:995)
at org.testng.internal.invokers.TestInvoker.invokeTestMethods(TestInvoker.java:203)
at org.testng.internal.invokers.TestMethodWorker.invokeTestMethods(TestMethodWorker.java:154)
at org.testng.internal.invokers.TestMethodWorker.run(TestMethodWorker.java:134)
at java.base/java.util.ArrayList.forEach(ArrayList.java:1596)
at org.testng.TestRunner.privateRun(TestRunner.java:741)
at org.testng.TestRunner.run(TestRunner.java:616)
at org.testng.SuiteRunner.runTest(SuiteRunner.java:421)
at org.testng.SuiteRunner.runSequentially(SuiteRunner.java:413)
at org.testng.SuiteRunner.privateRun(SuiteRunner.java:373)
at org.testng.SuiteRunner.run(SuiteRunner.java:312)
at org.testng.SuiteRunnerWorker.runSuite(SuiteRunnerWorker.java:52)
at org.testng.SuiteRunnerWorker.run(SuiteRunnerWorker.java:95)
at org.testng.TestNG.runSuitesSequentially(TestNG.java:1274)
at org.testng.TestNG.runSuitesLocally(TestNG.java:1208)
at org.testng.TestNG.runSuites(TestNG.java:1112)
at org.testng.TestNG.run(TestNG.java:1079)
at org.testng.remote.AbstractRemoteTestNG.run(AbstractRemoteTestNG.java:115)
at org.testng.remote.RemoteTestNG.initAndRun(RemoteTestNG.java:293)
at org.testng.remote.RemoteTestNG.main(RemoteTestNG.java:91)
Caused by: com.microsoft.playwright.TimeoutError: Error {
  message='Timeout 30000ms exceeded.
  name='TimeoutError
  stack='TimeoutError: Timeout 30000ms exceeded.
    at ProgressController.run (C:\Users\abcom\AppData\Local\Temp\playwright-java-7922674039882366980\package\lib\server\progress.js:75:26)
    at Frame.waitForSelector (C:\Users\abcom\AppData\Local\Temp\playwright-java-7922674039882366980\package\lib\server\frames.js:629:23)
    at FrameDispatcher.waitForSelector (C:\Users\abcom\AppData\Local\Temp\playwright-java-7922674039882366980\package\lib\server\dispatchers\frameDispatcher.js:106:103)
    at FrameDispatcher._handleCommand (C:\Users\abcom\AppData\Local\Temp\playwright-java-7922674039882366980\package\lib\server\dispatchers\dispatcher.js:94:40)
    at DispatcherConnection.dispatch (C:\Users\abcom\AppData\Local\Temp\playwright-java-7922674039882366980\package\lib\server\dispatchers\dispatcher.js:361:39)
}
Call log:
-   - waiting for locator("select[data-t-id='history-filter']") to be visible

at com.microsoft.playwright.impl.Connection.dispatch(Connection.java:254)
at com.microsoft.playwright.impl.Connection.processOneMessage(Connection.java:211)
at com.microsoft.playwright.impl.ChannelOwner.runUntil(ChannelOwner.java:130)
... 36 more
]]>
            </full-stacktrace>
          </exception> <!-- com.microsoft.playwright.TimeoutError -->
          <reporter-output>
          </reporter-output>
        </test-method> <!-- Scan_And_Capture -->
        <test-method signature="Scan_And_Capture(java.lang.String)[pri:0, instance:Tests.TestNg_existingChrome@1b39fd82]" started-at="2026-06-16T17:33:22 IST" name="Scan_And_Capture" data-provider="invoiceIds" finished-at="2026-06-16T17:34:16 IST" duration-ms="54100" status="FAIL">
          <params>
            <param index="0">
              <value>
                <![CDATA[f762c13d99c144f593bb687ccde5956e]]>
              </value>
            </param>
          </params>
          <exception class="com.microsoft.playwright.TimeoutError">
            <message>
              <![CDATA[Error {
  message='Timeout 30000ms exceeded.
  name='TimeoutError
  stack='TimeoutError: Timeout 30000ms exceeded.
    at ProgressController.run (C:\Users\abcom\AppData\Local\Temp\playwright-java-7922674039882366980\package\lib\server\progress.js:75:26)
    at Frame.waitForSelector (C:\Users\abcom\AppData\Local\Temp\playwright-java-7922674039882366980\package\lib\server\frames.js:629:23)
    at FrameDispatcher.waitForSelector (C:\Users\abcom\AppData\Local\Temp\playwright-java-7922674039882366980\package\lib\server\dispatchers\frameDispatcher.js:106:103)
    at FrameDispatcher._handleCommand (C:\Users\abcom\AppData\Local\Temp\playwright-java-7922674039882366980\package\lib\server\dispatchers\dispatcher.js:94:40)
    at DispatcherConnection.dispatch (C:\Users\abcom\AppData\Local\Temp\playwright-java-7922674039882366980\package\lib\server\dispatchers\dispatcher.js:361:39)
}
Call log:
-   - waiting for locator("select[data-t-id='history-filter']") to be visible
]]>
            </message>
            <full-stacktrace>
              <![CDATA[com.microsoft.playwright.TimeoutError: Error {
  message='Timeout 30000ms exceeded.
  name='TimeoutError
  stack='TimeoutError: Timeout 30000ms exceeded.
    at ProgressController.run (C:\Users\abcom\AppData\Local\Temp\playwright-java-7922674039882366980\package\lib\server\progress.js:75:26)
    at Frame.waitForSelector (C:\Users\abcom\AppData\Local\Temp\playwright-java-7922674039882366980\package\lib\server\frames.js:629:23)
    at FrameDispatcher.waitForSelector (C:\Users\abcom\AppData\Local\Temp\playwright-java-7922674039882366980\package\lib\server\dispatchers\frameDispatcher.js:106:103)
    at FrameDispatcher._handleCommand (C:\Users\abcom\AppData\Local\Temp\playwright-java-7922674039882366980\package\lib\server\dispatchers\dispatcher.js:94:40)
    at DispatcherConnection.dispatch (C:\Users\abcom\AppData\Local\Temp\playwright-java-7922674039882366980\package\lib\server\dispatchers\dispatcher.js:361:39)
}
Call log:
-   - waiting for locator("select[data-t-id='history-filter']") to be visible

at com.microsoft.playwright.impl.WaitableResult.get(WaitableResult.java:52)
at com.microsoft.playwright.impl.ChannelOwner.runUntil(ChannelOwner.java:132)
at com.microsoft.playwright.impl.Connection.sendMessage(Connection.java:130)
at com.microsoft.playwright.impl.ChannelOwner.sendMessage(ChannelOwner.java:118)
at com.microsoft.playwright.impl.FrameImpl.waitForSelectorImpl(FrameImpl.java:1060)
at com.microsoft.playwright.impl.FrameImpl.waitForSelectorImpl(FrameImpl.java:1050)
at com.microsoft.playwright.impl.PageImpl.lambda$waitForSelector$95(PageImpl.java:1590)
at com.microsoft.playwright.impl.LoggingSupport.withLogging(LoggingSupport.java:47)
at com.microsoft.playwright.impl.ChannelOwner.withLogging(ChannelOwner.java:97)
at com.microsoft.playwright.impl.PageImpl.waitForSelector(PageImpl.java:1589)
at com.microsoft.playwright.Page.waitForSelector(Page.java:8291)
at Tests.TestNg_existingChrome.Scan_And_Capture(TestNg_existingChrome.java:885)
at java.base/jdk.internal.reflect.DirectMethodHandleAccessor.invoke(DirectMethodHandleAccessor.java:103)
at java.base/java.lang.reflect.Method.invoke(Method.java:580)
at org.testng.internal.invokers.MethodInvocationHelper.invokeMethod(MethodInvocationHelper.java:141)
at org.testng.internal.invokers.TestInvoker.invokeMethod(TestInvoker.java:687)
at org.testng.internal.invokers.TestInvoker.invokeTestMethod(TestInvoker.java:230)
at org.testng.internal.invokers.MethodRunner.runInSequence(MethodRunner.java:63)
at org.testng.internal.invokers.TestInvoker$MethodInvocationAgent.invoke(TestInvoker.java:995)
at org.testng.internal.invokers.TestInvoker.invokeTestMethods(TestInvoker.java:203)
at org.testng.internal.invokers.TestMethodWorker.invokeTestMethods(TestMethodWorker.java:154)
at org.testng.internal.invokers.TestMethodWorker.run(TestMethodWorker.java:134)
at java.base/java.util.ArrayList.forEach(ArrayList.java:1596)
at org.testng.TestRunner.privateRun(TestRunner.java:741)
at org.testng.TestRunner.run(TestRunner.java:616)
at org.testng.SuiteRunner.runTest(SuiteRunner.java:421)
at org.testng.SuiteRunner.runSequentially(SuiteRunner.java:413)
at org.testng.SuiteRunner.privateRun(SuiteRunner.java:373)
at org.testng.SuiteRunner.run(SuiteRunner.java:312)
at org.testng.SuiteRunnerWorker.runSuite(SuiteRunnerWorker.java:52)
at org.testng.SuiteRunnerWorker.run(SuiteRunnerWorker.java:95)
at org.testng.TestNG.runSuitesSequentially(TestNG.java:1274)
at org.testng.TestNG.runSuitesLocally(TestNG.java:1208)
at org.testng.TestNG.runSuites(TestNG.java:1112)
at org.testng.TestNG.run(TestNG.java:1079)
at org.testng.remote.AbstractRemoteTestNG.run(AbstractRemoteTestNG.java:115)
at org.testng.remote.RemoteTestNG.initAndRun(RemoteTestNG.java:293)
at org.testng.remote.RemoteTestNG.main(RemoteTestNG.java:91)
Caused by: com.microsoft.playwright.TimeoutError: Error {
  message='Timeout 30000ms exceeded.
  name='TimeoutError
  stack='TimeoutError: Timeout 30000ms exceeded.
    at ProgressController.run (C:\Users\abcom\AppData\Local\Temp\playwright-java-7922674039882366980\package\lib\server\progress.js:75:26)
    at Frame.waitForSelector (C:\Users\abcom\AppData\Local\Temp\playwright-java-7922674039882366980\package\lib\server\frames.js:629:23)
    at FrameDispatcher.waitForSelector (C:\Users\abcom\AppData\Local\Temp\playwright-java-7922674039882366980\package\lib\server\dispatchers\frameDispatcher.js:106:103)
    at FrameDispatcher._handleCommand (C:\Users\abcom\AppData\Local\Temp\playwright-java-7922674039882366980\package\lib\server\dispatchers\dispatcher.js:94:40)
    at DispatcherConnection.dispatch (C:\Users\abcom\AppData\Local\Temp\playwright-java-7922674039882366980\package\lib\server\dispatchers\dispatcher.js:361:39)
}
Call log:
-   - waiting for locator("select[data-t-id='history-filter']") to be visible

at com.microsoft.playwright.impl.Connection.dispatch(Connection.java:254)
at com.microsoft.playwright.impl.Connection.processOneMessage(Connection.java:211)
at com.microsoft.playwright.impl.ChannelOwner.runUntil(ChannelOwner.java:130)
... 36 more
]]>
            </full-stacktrace>
          </exception> <!-- com.microsoft.playwright.TimeoutError -->
          <reporter-output>
          </reporter-output>
        </test-method> <!-- Scan_And_Capture -->
        <test-method signature="Scan_And_Capture(java.lang.String)[pri:0, instance:Tests.TestNg_existingChrome@1b39fd82]" started-at="2026-06-16T17:34:16 IST" name="Scan_And_Capture" data-provider="invoiceIds" finished-at="2026-06-16T17:35:10 IST" duration-ms="54718" status="FAIL">
          <params>
            <param index="0">
              <value>
                <![CDATA[407c4504a8a9429da3e2cc48cfb2fc55]]>
              </value>
            </param>
          </params>
          <exception class="com.microsoft.playwright.TimeoutError">
            <message>
              <![CDATA[Error {
  message='Timeout 30000ms exceeded.
  name='TimeoutError
  stack='TimeoutError: Timeout 30000ms exceeded.
    at ProgressController.run (C:\Users\abcom\AppData\Local\Temp\playwright-java-7922674039882366980\package\lib\server\progress.js:75:26)
    at Frame.waitForSelector (C:\Users\abcom\AppData\Local\Temp\playwright-java-7922674039882366980\package\lib\server\frames.js:629:23)
    at FrameDispatcher.waitForSelector (C:\Users\abcom\AppData\Local\Temp\playwright-java-7922674039882366980\package\lib\server\dispatchers\frameDispatcher.js:106:103)
    at FrameDispatcher._handleCommand (C:\Users\abcom\AppData\Local\Temp\playwright-java-7922674039882366980\package\lib\server\dispatchers\dispatcher.js:94:40)
    at DispatcherConnection.dispatch (C:\Users\abcom\AppData\Local\Temp\playwright-java-7922674039882366980\package\lib\server\dispatchers\dispatcher.js:361:39)
}
Call log:
-   - waiting for locator("select[data-t-id='history-filter']") to be visible
]]>
            </message>
            <full-stacktrace>
              <![CDATA[com.microsoft.playwright.TimeoutError: Error {
  message='Timeout 30000ms exceeded.
  name='TimeoutError
  stack='TimeoutError: Timeout 30000ms exceeded.
    at ProgressController.run (C:\Users\abcom\AppData\Local\Temp\playwright-java-7922674039882366980\package\lib\server\progress.js:75:26)
    at Frame.waitForSelector (C:\Users\abcom\AppData\Local\Temp\playwright-java-7922674039882366980\package\lib\server\frames.js:629:23)
    at FrameDispatcher.waitForSelector (C:\Users\abcom\AppData\Local\Temp\playwright-java-7922674039882366980\package\lib\server\dispatchers\frameDispatcher.js:106:103)
    at FrameDispatcher._handleCommand (C:\Users\abcom\AppData\Local\Temp\playwright-java-7922674039882366980\package\lib\server\dispatchers\dispatcher.js:94:40)
    at DispatcherConnection.dispatch (C:\Users\abcom\AppData\Local\Temp\playwright-java-7922674039882366980\package\lib\server\dispatchers\dispatcher.js:361:39)
}
Call log:
-   - waiting for locator("select[data-t-id='history-filter']") to be visible

at com.microsoft.playwright.impl.WaitableResult.get(WaitableResult.java:52)
at com.microsoft.playwright.impl.ChannelOwner.runUntil(ChannelOwner.java:132)
at com.microsoft.playwright.impl.Connection.sendMessage(Connection.java:130)
at com.microsoft.playwright.impl.ChannelOwner.sendMessage(ChannelOwner.java:118)
at com.microsoft.playwright.impl.FrameImpl.waitForSelectorImpl(FrameImpl.java:1060)
at com.microsoft.playwright.impl.FrameImpl.waitForSelectorImpl(FrameImpl.java:1050)
at com.microsoft.playwright.impl.PageImpl.lambda$waitForSelector$95(PageImpl.java:1590)
at com.microsoft.playwright.impl.LoggingSupport.withLogging(LoggingSupport.java:47)
at com.microsoft.playwright.impl.ChannelOwner.withLogging(ChannelOwner.java:97)
at com.microsoft.playwright.impl.PageImpl.waitForSelector(PageImpl.java:1589)
at com.microsoft.playwright.Page.waitForSelector(Page.java:8291)
at Tests.TestNg_existingChrome.Scan_And_Capture(TestNg_existingChrome.java:885)
at java.base/jdk.internal.reflect.DirectMethodHandleAccessor.invoke(DirectMethodHandleAccessor.java:103)
at java.base/java.lang.reflect.Method.invoke(Method.java:580)
at org.testng.internal.invokers.MethodInvocationHelper.invokeMethod(MethodInvocationHelper.java:141)
at org.testng.internal.invokers.TestInvoker.invokeMethod(TestInvoker.java:687)
at org.testng.internal.invokers.TestInvoker.invokeTestMethod(TestInvoker.java:230)
at org.testng.internal.invokers.MethodRunner.runInSequence(MethodRunner.java:63)
at org.testng.internal.invokers.TestInvoker$MethodInvocationAgent.invoke(TestInvoker.java:995)
at org.testng.internal.invokers.TestInvoker.invokeTestMethods(TestInvoker.java:203)
at org.testng.internal.invokers.TestMethodWorker.invokeTestMethods(TestMethodWorker.java:154)
at org.testng.internal.invokers.TestMethodWorker.run(TestMethodWorker.java:134)
at java.base/java.util.ArrayList.forEach(ArrayList.java:1596)
at org.testng.TestRunner.privateRun(TestRunner.java:741)
at org.testng.TestRunner.run(TestRunner.java:616)
at org.testng.SuiteRunner.runTest(SuiteRunner.java:421)
at org.testng.SuiteRunner.runSequentially(SuiteRunner.java:413)
at org.testng.SuiteRunner.privateRun(SuiteRunner.java:373)
at org.testng.SuiteRunner.run(SuiteRunner.java:312)
at org.testng.SuiteRunnerWorker.runSuite(SuiteRunnerWorker.java:52)
at org.testng.SuiteRunnerWorker.run(SuiteRunnerWorker.java:95)
at org.testng.TestNG.runSuitesSequentially(TestNG.java:1274)
at org.testng.TestNG.runSuitesLocally(TestNG.java:1208)
at org.testng.TestNG.runSuites(TestNG.java:1112)
at org.testng.TestNG.run(TestNG.java:1079)
at org.testng.remote.AbstractRemoteTestNG.run(AbstractRemoteTestNG.java:115)
at org.testng.remote.RemoteTestNG.initAndRun(RemoteTestNG.java:293)
at org.testng.remote.RemoteTestNG.main(RemoteTestNG.java:91)
Caused by: com.microsoft.playwright.TimeoutError: Error {
  message='Timeout 30000ms exceeded.
  name='TimeoutError
  stack='TimeoutError: Timeout 30000ms exceeded.
    at ProgressController.run (C:\Users\abcom\AppData\Local\Temp\playwright-java-7922674039882366980\package\lib\server\progress.js:75:26)
    at Frame.waitForSelector (C:\Users\abcom\AppData\Local\Temp\playwright-java-7922674039882366980\package\lib\server\frames.js:629:23)
    at FrameDispatcher.waitForSelector (C:\Users\abcom\AppData\Local\Temp\playwright-java-7922674039882366980\package\lib\server\dispatchers\frameDispatcher.js:106:103)
    at FrameDispatcher._handleCommand (C:\Users\abcom\AppData\Local\Temp\playwright-java-7922674039882366980\package\lib\server\dispatchers\dispatcher.js:94:40)
    at DispatcherConnection.dispatch (C:\Users\abcom\AppData\Local\Temp\playwright-java-7922674039882366980\package\lib\server\dispatchers\dispatcher.js:361:39)
}
Call log:
-   - waiting for locator("select[data-t-id='history-filter']") to be visible

at com.microsoft.playwright.impl.Connection.dispatch(Connection.java:254)
at com.microsoft.playwright.impl.Connection.processOneMessage(Connection.java:211)
at com.microsoft.playwright.impl.ChannelOwner.runUntil(ChannelOwner.java:130)
... 36 more
]]>
            </full-stacktrace>
          </exception> <!-- com.microsoft.playwright.TimeoutError -->
          <reporter-output>
          </reporter-output>
        </test-method> <!-- Scan_And_Capture -->
        <test-method signature="Scan_And_Capture(java.lang.String)[pri:0, instance:Tests.TestNg_existingChrome@1b39fd82]" started-at="2026-06-16T17:35:10 IST" name="Scan_And_Capture" data-provider="invoiceIds" finished-at="2026-06-16T17:36:04 IST" duration-ms="54055" status="FAIL">
          <params>
            <param index="0">
              <value>
                <![CDATA[986c8b3ef61a464b9f08142d09628573]]>
              </value>
            </param>
          </params>
          <exception class="com.microsoft.playwright.TimeoutError">
            <message>
              <![CDATA[Error {
  message='Timeout 30000ms exceeded.
  name='TimeoutError
  stack='TimeoutError: Timeout 30000ms exceeded.
    at ProgressController.run (C:\Users\abcom\AppData\Local\Temp\playwright-java-7922674039882366980\package\lib\server\progress.js:75:26)
    at Frame.waitForSelector (C:\Users\abcom\AppData\Local\Temp\playwright-java-7922674039882366980\package\lib\server\frames.js:629:23)
    at FrameDispatcher.waitForSelector (C:\Users\abcom\AppData\Local\Temp\playwright-java-7922674039882366980\package\lib\server\dispatchers\frameDispatcher.js:106:103)
    at FrameDispatcher._handleCommand (C:\Users\abcom\AppData\Local\Temp\playwright-java-7922674039882366980\package\lib\server\dispatchers\dispatcher.js:94:40)
    at DispatcherConnection.dispatch (C:\Users\abcom\AppData\Local\Temp\playwright-java-7922674039882366980\package\lib\server\dispatchers\dispatcher.js:361:39)
}
Call log:
-   - waiting for locator("select[data-t-id='history-filter']") to be visible
]]>
            </message>
            <full-stacktrace>
              <![CDATA[com.microsoft.playwright.TimeoutError: Error {
  message='Timeout 30000ms exceeded.
  name='TimeoutError
  stack='TimeoutError: Timeout 30000ms exceeded.
    at ProgressController.run (C:\Users\abcom\AppData\Local\Temp\playwright-java-7922674039882366980\package\lib\server\progress.js:75:26)
    at Frame.waitForSelector (C:\Users\abcom\AppData\Local\Temp\playwright-java-7922674039882366980\package\lib\server\frames.js:629:23)
    at FrameDispatcher.waitForSelector (C:\Users\abcom\AppData\Local\Temp\playwright-java-7922674039882366980\package\lib\server\dispatchers\frameDispatcher.js:106:103)
    at FrameDispatcher._handleCommand (C:\Users\abcom\AppData\Local\Temp\playwright-java-7922674039882366980\package\lib\server\dispatchers\dispatcher.js:94:40)
    at DispatcherConnection.dispatch (C:\Users\abcom\AppData\Local\Temp\playwright-java-7922674039882366980\package\lib\server\dispatchers\dispatcher.js:361:39)
}
Call log:
-   - waiting for locator("select[data-t-id='history-filter']") to be visible

at com.microsoft.playwright.impl.WaitableResult.get(WaitableResult.java:52)
at com.microsoft.playwright.impl.ChannelOwner.runUntil(ChannelOwner.java:132)
at com.microsoft.playwright.impl.Connection.sendMessage(Connection.java:130)
at com.microsoft.playwright.impl.ChannelOwner.sendMessage(ChannelOwner.java:118)
at com.microsoft.playwright.impl.FrameImpl.waitForSelectorImpl(FrameImpl.java:1060)
at com.microsoft.playwright.impl.FrameImpl.waitForSelectorImpl(FrameImpl.java:1050)
at com.microsoft.playwright.impl.PageImpl.lambda$waitForSelector$95(PageImpl.java:1590)
at com.microsoft.playwright.impl.LoggingSupport.withLogging(LoggingSupport.java:47)
at com.microsoft.playwright.impl.ChannelOwner.withLogging(ChannelOwner.java:97)
at com.microsoft.playwright.impl.PageImpl.waitForSelector(PageImpl.java:1589)
at com.microsoft.playwright.Page.waitForSelector(Page.java:8291)
at Tests.TestNg_existingChrome.Scan_And_Capture(TestNg_existingChrome.java:885)
at java.base/jdk.internal.reflect.DirectMethodHandleAccessor.invoke(DirectMethodHandleAccessor.java:103)
at java.base/java.lang.reflect.Method.invoke(Method.java:580)
at org.testng.internal.invokers.MethodInvocationHelper.invokeMethod(MethodInvocationHelper.java:141)
at org.testng.internal.invokers.TestInvoker.invokeMethod(TestInvoker.java:687)
at org.testng.internal.invokers.TestInvoker.invokeTestMethod(TestInvoker.java:230)
at org.testng.internal.invokers.MethodRunner.runInSequence(MethodRunner.java:63)
at org.testng.internal.invokers.TestInvoker$MethodInvocationAgent.invoke(TestInvoker.java:995)
at org.testng.internal.invokers.TestInvoker.invokeTestMethods(TestInvoker.java:203)
at org.testng.internal.invokers.TestMethodWorker.invokeTestMethods(TestMethodWorker.java:154)
at org.testng.internal.invokers.TestMethodWorker.run(TestMethodWorker.java:134)
at java.base/java.util.ArrayList.forEach(ArrayList.java:1596)
at org.testng.TestRunner.privateRun(TestRunner.java:741)
at org.testng.TestRunner.run(TestRunner.java:616)
at org.testng.SuiteRunner.runTest(SuiteRunner.java:421)
at org.testng.SuiteRunner.runSequentially(SuiteRunner.java:413)
at org.testng.SuiteRunner.privateRun(SuiteRunner.java:373)
at org.testng.SuiteRunner.run(SuiteRunner.java:312)
at org.testng.SuiteRunnerWorker.runSuite(SuiteRunnerWorker.java:52)
at org.testng.SuiteRunnerWorker.run(SuiteRunnerWorker.java:95)
at org.testng.TestNG.runSuitesSequentially(TestNG.java:1274)
at org.testng.TestNG.runSuitesLocally(TestNG.java:1208)
at org.testng.TestNG.runSuites(TestNG.java:1112)
at org.testng.TestNG.run(TestNG.java:1079)
at org.testng.remote.AbstractRemoteTestNG.run(AbstractRemoteTestNG.java:115)
at org.testng.remote.RemoteTestNG.initAndRun(RemoteTestNG.java:293)
at org.testng.remote.RemoteTestNG.main(RemoteTestNG.java:91)
Caused by: com.microsoft.playwright.TimeoutError: Error {
  message='Timeout 30000ms exceeded.
  name='TimeoutError
  stack='TimeoutError: Timeout 30000ms exceeded.
    at ProgressController.run (C:\Users\abcom\AppData\Local\Temp\playwright-java-7922674039882366980\package\lib\server\progress.js:75:26)
    at Frame.waitForSelector (C:\Users\abcom\AppData\Local\Temp\playwright-java-7922674039882366980\package\lib\server\frames.js:629:23)
    at FrameDispatcher.waitForSelector (C:\Users\abcom\AppData\Local\Temp\playwright-java-7922674039882366980\package\lib\server\dispatchers\frameDispatcher.js:106:103)
    at FrameDispatcher._handleCommand (C:\Users\abcom\AppData\Local\Temp\playwright-java-7922674039882366980\package\lib\server\dispatchers\dispatcher.js:94:40)
    at DispatcherConnection.dispatch (C:\Users\abcom\AppData\Local\Temp\playwright-java-7922674039882366980\package\lib\server\dispatchers\dispatcher.js:361:39)
}
Call log:
-   - waiting for locator("select[data-t-id='history-filter']") to be visible

at com.microsoft.playwright.impl.Connection.dispatch(Connection.java:254)
at com.microsoft.playwright.impl.Connection.processOneMessage(Connection.java:211)
at com.microsoft.playwright.impl.ChannelOwner.runUntil(ChannelOwner.java:130)
... 36 more
]]>
            </full-stacktrace>
          </exception> <!-- com.microsoft.playwright.TimeoutError -->
          <reporter-output>
          </reporter-output>
        </test-method> <!-- Scan_And_Capture -->
        <test-method is-config="true" signature="tearDown()[pri:0, instance:Tests.TestNg_existingChrome@1b39fd82]" started-at="2026-06-16T17:36:04 IST" name="tearDown" finished-at="2026-06-16T17:36:07 IST" duration-ms="2729" status="PASS">
          <reporter-output>
          </reporter-output>
        </test-method> <!-- tearDown -->
      </class> <!-- Tests.TestNg_existingChrome -->
    </test> <!-- Default test -->
  </suite> <!-- Default suite -->
</testng-results>
