<?xml version="1.0" encoding="UTF-8"?>
<!-- Generated by org.testng.reporters.JUnitReportReporter -->
<testsuite hostname="Ex-Jatin-Bakshi" failures="0" tests="4" name="Tests.TestNg_existingChrome" time="314.195" errors="0" timestamp="2026-06-15T22:04:13 IST" skipped="0">
  <testcase classname="Tests.TestNg_existingChrome" name="Scan_And_Capture" time="116.508"/>
  <testcase classname="Tests.TestNg_existingChrome" name="Scan_And_Capture" time="66.862"/>
  <testcase classname="Tests.TestNg_existingChrome" name="Scan_And_Capture" time="76.025"/>
  <testcase classname="Tests.TestNg_existingChrome" name="Scan_And_Capture" time="54.800"/>
</testsuite> <!-- Tests.TestNg_existingChrome -->
